<?xml version="1.0" encoding="UTF-8"?>
<testng-results ignored="0" total="1" passed="1" failed="0" skipped="0">
  <reporter-output>
  </reporter-output>
  <suite started-at="2023-08-12T15:36:18Z" name="Default suite" finished-at="2023-08-12T15:36:44Z" duration-ms="26270">
    <groups>
    </groups>
    <test started-at="2023-08-12T15:36:18Z" name="Default test" finished-at="2023-08-12T15:36:44Z" duration-ms="26270">
      <class name="prueba.NewTest">
        <test-method signature="tc01()[pri:0, instance:prueba.NewTest@36b4091c]" started-at="2023-08-12T11:36:18Z" name="tc01" finished-at="2023-08-12T11:36:44Z" duration-ms="26179" status="PASS">
          <reporter-output>
          </reporter-output>
        </test-method> <!-- tc01 -->
      </class> <!-- prueba.NewTest -->
    </test> <!-- Default test -->
  </suite> <!-- Default suite -->
</testng-results>
